
1 x 1 = 1

   0.25


2 x 2 = 4

  -0.25    0.5

    0.5  -0.25


1 x 1 = 1

   0.25


2 x 2 = 4

  -0.25    0.5

    0.5  -0.25


***************** H0 *****************
             ____________
            |            |
        0___|2          2|___2    
            |            |   
        1___|2          2|___3    
            |            |   
            |____________|

================BONDS===============
ROW: (U1 = 1, P = 0)|1, (U1 = -1, P = 0)|1, Dim = 2
ROW: (U1 = 1, P = 0)|1, (U1 = -1, P = 0)|1, Dim = 2
COL: (U1 = 1, P = 0)|1, (U1 = -1, P = 0)|1, Dim = 2
COL: (U1 = 1, P = 0)|1, (U1 = -1, P = 0)|1, Dim = 2

===============BLOCKS===============
--- (U1 = -2, P = 0): 1 x 1 = 1 ---

   0.25

--- (U1 = 0, P = 0): 2 x 2 = 4 ---

  -0.25    0.5

      9  -0.25

--- (U1 = 2, P = 0): 1 x 1 = 1 ---

   0.25

Total elemNum: 6
***************** END ****************


4 x 4 = 16

   0.25      0      0      0

      0  -0.25    0.5      0

      0    0.5  -0.25      0

      0      0      0   0.25


4 x 4 = 16

 0.0625      0      0      0

      0  0.312  -0.25      0

      0  -0.25  0.312      0

      0      0      0 0.0625


4 x 4 = 16

   0.25      0      0      0

      0  -0.25    0.5      0

      0    0.5  -0.25      0

      0      0      0   0.25


4 x 5 = 20

 -0.491 -0.424 -0.151 -0.666 -0.335

 -0.011 -0.536  0.287 -0.111  0.786

  0.376  0.429  -0.38  -0.64  0.347

 -0.239 -0.183 -0.848  0.368  0.234


4 x 4 = 16

     -0      1     -0     -0

 -0.246      0  0.961 -0.123

  0.969      0  0.246-0.0154

-0.0154      0  0.123  0.992


4 x 4 = 4, Diagonal

      1      0      0      0

      0      1      0      0

      0      0      1      0

      0      0      0      1


4 x 5 = 20

  0.371  0.551 -0.426 -0.598   0.14

 -0.491 -0.424 -0.151 -0.666 -0.335

 0.0526 -0.433 0.0782 -0.218   0.87

 -0.242 -0.122 -0.871  0.388   0.13


4 x 4 = 16

     -0      1     -0     -0

 -0.246      0  0.961 -0.123

  0.969      0  0.246-0.0154

-0.0154      0  0.123  0.992


4 x 5 = 20

 -0.491 -0.424 -0.151 -0.666 -0.335

 -0.011 -0.536  0.287 -0.111  0.786

  0.376  0.429  -0.38  -0.64  0.347

 -0.239 -0.183 -0.848  0.368  0.234

